[debug] [2021-08-09T22:40:08.617Z] ----------------------------------------------------------------------
[debug] [2021-08-09T22:40:08.620Z] Command:       /usr/local/bin/node /usr/local/bin/firebase emulators:start
[debug] [2021-08-09T22:40:08.620Z] CLI Version:   9.16.0
[debug] [2021-08-09T22:40:08.620Z] Platform:      darwin
[debug] [2021-08-09T22:40:08.620Z] Node Version:  v14.17.0
[debug] [2021-08-09T22:40:08.628Z] Time:          Mon Aug 09 2021 23:40:08 GMT+0100 (West Africa Standard Time)
[debug] [2021-08-09T22:40:08.628Z] ----------------------------------------------------------------------
[debug] 
[debug] [2021-08-09T22:40:08.690Z] > command requires scopes: ["email","openid","https://www.googleapis.com/auth/cloudplatformprojects.readonly","https://www.googleapis.com/auth/firebase","https://www.googleapis.com/auth/cloud-platform"]
[debug] [2021-08-09T22:40:08.691Z] > authorizing via signed-in user (atatangban@gmail.com)
[info] i  emulators: Starting emulators: functions, hosting {"metadata":{"emulator":{"name":"hub"},"message":"Starting emulators: functions, hosting"}}
[debug] [2021-08-09T22:40:08.773Z] [hub] writing locator at /tmp/hub-expressdotcom-8a08a.json
[warn] ⚠  functions: The following emulators are not running, calls to these services from the Functions emulator will affect production: auth, firestore, database, pubsub, storage {"metadata":{"emulator":{"name":"functions"},"message":"The following emulators are not running, calls to these services from the Functions emulator will affect production: \u001b[1mauth, firestore, database, pubsub, storage\u001b[22m"}}
[info] ✔  functions: Using node@14 from host. {"metadata":{"emulator":{"name":"functions"},"message":"Using node@14 from host."}}
[debug] [2021-08-09T22:40:08.835Z] defaultcredentials: writing to file /Users/macbookpro/.config/firebase/atatangban_gmail_com_application_default_credentials.json
[debug] [2021-08-09T22:40:08.843Z] Setting GAC to /Users/macbookpro/.config/firebase/atatangban_gmail_com_application_default_credentials.json {"metadata":{"emulator":{"name":"functions"},"message":"Setting GAC to /Users/macbookpro/.config/firebase/atatangban_gmail_com_application_default_credentials.json"}}
[debug] [2021-08-09T22:40:08.846Z] > refreshing access token with scopes: []
[debug] [2021-08-09T22:40:08.847Z] >>> HTTP REQUEST POST https://www.googleapis.com/oauth2/v3/token  
 <request body omitted>
[debug] [2021-08-09T22:40:08.969Z] <<< HTTP RESPONSE 200 {"expires":"Mon, 01 Jan 1990 00:00:00 GMT","pragma":"no-cache","date":"Mon, 09 Aug 2021 22:40:08 GMT","cache-control":"no-cache, no-store, max-age=0, must-revalidate","content-type":"application/json; charset=utf-8","vary":"X-Origin, Referer, Origin,Accept-Encoding","server":"scaffolding on HTTPServer2","x-xss-protection":"0","x-frame-options":"SAMEORIGIN","x-content-type-options":"nosniff","alt-svc":"h3=\":443\"; ma=2592000,h3-29=\":443\"; ma=2592000,h3-T051=\":443\"; ma=2592000,h3-Q050=\":443\"; ma=2592000,h3-Q046=\":443\"; ma=2592000,h3-Q043=\":443\"; ma=2592000,quic=\":443\"; ma=2592000; v=\"46,43\"","accept-ranges":"none","transfer-encoding":"chunked"}
[debug] [2021-08-09T22:40:09.074Z] >>> [apiv2][query] GET https://firebase.googleapis.com/v1beta1/projects/expressdotcom-8a08a/adminSdkConfig [none]
[debug] [2021-08-09T22:40:09.437Z] <<< [apiv2][status] GET https://firebase.googleapis.com/v1beta1/projects/expressdotcom-8a08a/adminSdkConfig 200
[debug] [2021-08-09T22:40:09.437Z] <<< [apiv2][body] GET https://firebase.googleapis.com/v1beta1/projects/expressdotcom-8a08a/adminSdkConfig {"projectId":"expressdotcom-8a08a","storageBucket":"expressdotcom-8a08a.appspot.com","locationId":"us-central"}
[debug] [2021-08-09T22:40:09.504Z] >>> [apiv2][query] GET https://firebasehosting.googleapis.com/v1beta1/projects/expressdotcom-8a08a/sites 
[debug] [2021-08-09T22:40:09.817Z] <<< [apiv2][status] GET https://firebasehosting.googleapis.com/v1beta1/projects/expressdotcom-8a08a/sites 200
[debug] [2021-08-09T22:40:09.817Z] <<< [apiv2][body] GET https://firebasehosting.googleapis.com/v1beta1/projects/expressdotcom-8a08a/sites {"sites":[{"name":"projects/50498906195/sites/expressdotcom-8a08a","defaultUrl":"https://expressdotcom-8a08a.web.app","type":"DEFAULT_SITE"}]}
[debug] [2021-08-09T22:40:09.817Z] >>> [apiv2][query] GET https://firebase.googleapis.com/v1beta1/projects/expressdotcom-8a08a/webApps/-/config [none]
[debug] [2021-08-09T22:40:10.457Z] <<< [apiv2][status] GET https://firebase.googleapis.com/v1beta1/projects/expressdotcom-8a08a/webApps/-/config 200
[debug] [2021-08-09T22:40:10.457Z] <<< [apiv2][body] GET https://firebase.googleapis.com/v1beta1/projects/expressdotcom-8a08a/webApps/-/config {"projectId":"expressdotcom-8a08a","appId":"1:50498906195:web:29a4c3e15dd05a1171bea6","storageBucket":"expressdotcom-8a08a.appspot.com","locationId":"us-central","apiKey":"AIzaSyAutrOAfPrhsiZVR_EAiZMoNJYlGmsHmsE","authDomain":"expressdotcom-8a08a.firebaseapp.com","messagingSenderId":"50498906195","measurementId":"G-VKRW6XYHFZ"}
[info] i  hosting: Serving hosting files from: build {"metadata":{"emulator":{"name":"hosting"},"message":"Serving hosting files from: \u001b[1mbuild\u001b[22m"}}
[info] ✔  hosting: Local server: http://localhost:5000 {"metadata":{"emulator":{"name":"hosting"},"message":"Local server: \u001b[4m\u001b[1mhttp://localhost:5000\u001b[22m\u001b[24m"}}
[debug] [2021-08-09T22:40:10.820Z] Ignoring unsupported arg: auto_download {"metadata":{"emulator":{"name":"ui"},"message":"Ignoring unsupported arg: auto_download"}}
[debug] [2021-08-09T22:40:10.820Z] Ignoring unsupported arg: port {"metadata":{"emulator":{"name":"ui"},"message":"Ignoring unsupported arg: port"}}
[debug] [2021-08-09T22:40:10.820Z] Starting Emulator UI with command {"binary":"node","args":["/Users/macbookpro/.cache/firebase/emulators/ui-v1.6.0/server.bundle.js"],"optionalArgs":[],"joinArgs":false} {"metadata":{"emulator":{"name":"ui"},"message":"Starting Emulator UI with command {\"binary\":\"node\",\"args\":[\"/Users/macbookpro/.cache/firebase/emulators/ui-v1.6.0/server.bundle.js\"],\"optionalArgs\":[],\"joinArgs\":false}"}}
[info] i  ui: Emulator UI logging to ui-debug.log {"metadata":{"emulator":{"name":"ui"},"message":"Emulator UI logging to \u001b[1mui-debug.log\u001b[22m"}}
[debug] [2021-08-09T22:40:11.038Z] Web / API server started at localhost:4000
 {"metadata":{"emulator":{"name":"ui"},"message":"Web / API server started at localhost:4000\n"}}
[info] i  functions: Watching "/Users/macbookpro/Documents/Dev/expressdotcom/functions" for Cloud Functions... {"metadata":{"emulator":{"name":"functions"},"message":"Watching \"/Users/macbookpro/Documents/Dev/expressdotcom/functions\" for Cloud Functions..."}}
[debug] [2021-08-09T22:40:11.118Z] [worker-pool] addWorker(~diagnostic~) {"metadata":{"emulator":{"name":"functions"},"message":"[worker-pool] addWorker(~diagnostic~)"}}
[debug] [2021-08-09T22:40:11.118Z] [worker-pool] Adding worker with key ~diagnostic~, total=1 {"metadata":{"emulator":{"name":"functions"},"message":"[worker-pool] Adding worker with key ~diagnostic~, total=1"}}
[debug] [2021-08-09T22:40:11.119Z] [worker-pool] submitWork(triggerId=) {"metadata":{"emulator":{"name":"functions"},"message":"[worker-pool] submitWork(triggerId=)"}}
[debug] [2021-08-09T22:40:11.119Z] [worker-~diagnostic~-dceb121a-c42d-4ad4-b093-c9a0a427ef7a]: Assigning socketPath: /tmp/fire_emu_67509.sock {"metadata":{"emulator":{"name":"functions"},"message":"[worker-~diagnostic~-dceb121a-c42d-4ad4-b093-c9a0a427ef7a]: Assigning socketPath: /tmp/fire_emu_67509.sock"}}
[debug] [2021-08-09T22:40:11.119Z] [worker-~diagnostic~-dceb121a-c42d-4ad4-b093-c9a0a427ef7a]: BUSY {"metadata":{"emulator":{"name":"functions"},"message":"[worker-~diagnostic~-dceb121a-c42d-4ad4-b093-c9a0a427ef7a]: BUSY"}}
[debug] [2021-08-09T22:40:11.418Z] [runtime-status] [67509] Functions runtime initialized. {"cwd":"/Users/macbookpro/Documents/Dev/expressdotcom/functions","node_version":"14.17.0"} {"metadata":{"emulator":{"name":"functions"},"message":"[runtime-status] [67509] Functions runtime initialized. {\"cwd\":\"/Users/macbookpro/Documents/Dev/expressdotcom/functions\",\"node_version\":\"14.17.0\"}"}}
[debug] [2021-08-09T22:40:11.432Z] [runtime-status] [67509] Disabled runtime features: undefined {"metadata":{"emulator":{"name":"functions"},"message":"[runtime-status] [67509] Disabled runtime features: undefined"}}
[debug] [2021-08-09T22:40:11.436Z] [runtime-status] [67509] Resolved module firebase-admin {"declared":true,"installed":true,"version":"9.11.0","resolution":"/Users/macbookpro/Documents/Dev/expressdotcom/functions/node_modules/firebase-admin/lib/index.js"} {"metadata":{"emulator":{"name":"functions"},"message":"[runtime-status] [67509] Resolved module firebase-admin {\"declared\":true,\"installed\":true,\"version\":\"9.11.0\",\"resolution\":\"/Users/macbookpro/Documents/Dev/expressdotcom/functions/node_modules/firebase-admin/lib/index.js\"}"}}
[debug] [2021-08-09T22:40:11.439Z] [runtime-status] [67509] Resolved module firebase-functions {"declared":true,"installed":true,"version":"3.14.1","resolution":"/Users/macbookpro/Documents/Dev/expressdotcom/functions/node_modules/firebase-functions/lib/index.js"} {"metadata":{"emulator":{"name":"functions"},"message":"[runtime-status] [67509] Resolved module firebase-functions {\"declared\":true,\"installed\":true,\"version\":\"3.14.1\",\"resolution\":\"/Users/macbookpro/Documents/Dev/expressdotcom/functions/node_modules/firebase-functions/lib/index.js\"}"}}
[debug] [2021-08-09T22:40:11.442Z] [runtime-status] [67509] Resolved module firebase-functions {"declared":true,"installed":true,"version":"3.14.1","resolution":"/Users/macbookpro/Documents/Dev/expressdotcom/functions/node_modules/firebase-functions/lib/index.js"} {"metadata":{"emulator":{"name":"functions"},"message":"[runtime-status] [67509] Resolved module firebase-functions {\"declared\":true,\"installed\":true,\"version\":\"3.14.1\",\"resolution\":\"/Users/macbookpro/Documents/Dev/expressdotcom/functions/node_modules/firebase-functions/lib/index.js\"}"}}
[debug] [2021-08-09T22:40:11.444Z] [runtime-status] [67509] Outgoing network have been stubbed. [{"name":"http","status":"mocked"},{"name":"http","status":"mocked"},{"name":"https","status":"mocked"},{"name":"https","status":"mocked"},{"name":"net","status":"mocked"}] {"metadata":{"emulator":{"name":"functions"},"message":"[runtime-status] [67509] Outgoing network have been stubbed. [{\"name\":\"http\",\"status\":\"mocked\"},{\"name\":\"http\",\"status\":\"mocked\"},{\"name\":\"https\",\"status\":\"mocked\"},{\"name\":\"https\",\"status\":\"mocked\"},{\"name\":\"net\",\"status\":\"mocked\"}]"}}
[debug] [2021-08-09T22:40:11.445Z] [runtime-status] [67509] Resolved module firebase-functions {"declared":true,"installed":true,"version":"3.14.1","resolution":"/Users/macbookpro/Documents/Dev/expressdotcom/functions/node_modules/firebase-functions/lib/index.js"} {"metadata":{"emulator":{"name":"functions"},"message":"[runtime-status] [67509] Resolved module firebase-functions {\"declared\":true,\"installed\":true,\"version\":\"3.14.1\",\"resolution\":\"/Users/macbookpro/Documents/Dev/expressdotcom/functions/node_modules/firebase-functions/lib/index.js\"}"}}
[debug] [2021-08-09T22:40:11.531Z] [runtime-status] [67509] Checked functions.config() {"config":{}} {"metadata":{"emulator":{"name":"functions"},"message":"[runtime-status] [67509] Checked functions.config() {\"config\":{}}"}}
[debug] [2021-08-09T22:40:11.531Z] [runtime-status] [67509] firebase-functions has been stubbed. {"functionsResolution":{"declared":true,"installed":true,"version":"3.14.1","resolution":"/Users/macbookpro/Documents/Dev/expressdotcom/functions/node_modules/firebase-functions/lib/index.js"}} {"metadata":{"emulator":{"name":"functions"},"message":"[runtime-status] [67509] firebase-functions has been stubbed. {\"functionsResolution\":{\"declared\":true,\"installed\":true,\"version\":\"3.14.1\",\"resolution\":\"/Users/macbookpro/Documents/Dev/expressdotcom/functions/node_modules/firebase-functions/lib/index.js\"}}"}}
[debug] [2021-08-09T22:40:11.532Z] [runtime-status] [67509] Resolved module firebase-functions {"declared":true,"installed":true,"version":"3.14.1","resolution":"/Users/macbookpro/Documents/Dev/expressdotcom/functions/node_modules/firebase-functions/lib/index.js"} {"metadata":{"emulator":{"name":"functions"},"message":"[runtime-status] [67509] Resolved module firebase-functions {\"declared\":true,\"installed\":true,\"version\":\"3.14.1\",\"resolution\":\"/Users/macbookpro/Documents/Dev/expressdotcom/functions/node_modules/firebase-functions/lib/index.js\"}"}}
[debug] [2021-08-09T22:40:11.538Z] [runtime-status] [67509] Resolved module firebase-admin {"declared":true,"installed":true,"version":"9.11.0","resolution":"/Users/macbookpro/Documents/Dev/expressdotcom/functions/node_modules/firebase-admin/lib/index.js"} {"metadata":{"emulator":{"name":"functions"},"message":"[runtime-status] [67509] Resolved module firebase-admin {\"declared\":true,\"installed\":true,\"version\":\"9.11.0\",\"resolution\":\"/Users/macbookpro/Documents/Dev/expressdotcom/functions/node_modules/firebase-admin/lib/index.js\"}"}}
[debug] [2021-08-09T22:40:11.539Z] [runtime-status] [67509] Resolved module firebase-functions {"declared":true,"installed":true,"version":"3.14.1","resolution":"/Users/macbookpro/Documents/Dev/expressdotcom/functions/node_modules/firebase-functions/lib/index.js"} {"metadata":{"emulator":{"name":"functions"},"message":"[runtime-status] [67509] Resolved module firebase-functions {\"declared\":true,\"installed\":true,\"version\":\"3.14.1\",\"resolution\":\"/Users/macbookpro/Documents/Dev/expressdotcom/functions/node_modules/firebase-functions/lib/index.js\"}"}}
[debug] [2021-08-09T22:40:11.540Z] [runtime-status] [67509] firebase-admin has been stubbed. {"adminResolution":{"declared":true,"installed":true,"version":"9.11.0","resolution":"/Users/macbookpro/Documents/Dev/expressdotcom/functions/node_modules/firebase-admin/lib/index.js"}} {"metadata":{"emulator":{"name":"functions"},"message":"[runtime-status] [67509] firebase-admin has been stubbed. {\"adminResolution\":{\"declared\":true,\"installed\":true,\"version\":\"9.11.0\",\"resolution\":\"/Users/macbookpro/Documents/Dev/expressdotcom/functions/node_modules/firebase-admin/lib/index.js\"}}"}}
[info] 
┌─────────────────────────────────────────────────────────────┐
│ ✔  All emulators ready! It is now safe to connect your app. │
│ i  View Emulator UI at http://localhost:4000                │
└─────────────────────────────────────────────────────────────┘

┌───────────┬────────────────┬─────────────────────────────────┐
│ Emulator  │ Host:Port      │ View in Emulator UI             │
├───────────┼────────────────┼─────────────────────────────────┤
│ Functions │ localhost:5001 │ http://localhost:4000/functions │
├───────────┼────────────────┼─────────────────────────────────┤
│ Hosting   │ localhost:5000 │ n/a                             │
└───────────┴────────────────┴─────────────────────────────────┘
  Emulator Hub running at localhost:4400
  Other reserved ports: 4500

Issues? Report them at https://github.com/firebase/firebase-tools/issues and attach the *-debug.log files.
 
[debug] [2021-08-09T22:40:11.551Z] [worker-~diagnostic~-dceb121a-c42d-4ad4-b093-c9a0a427ef7a]: IDLE {"metadata":{"emulator":{"name":"functions"},"message":"[worker-~diagnostic~-dceb121a-c42d-4ad4-b093-c9a0a427ef7a]: IDLE"}}
